<?xml version="1.0" encoding="UTF-8"?>
<!-- Generated by org.testng.reporters.JUnitXMLReporter -->
<testsuite ignored="0" hostname="LIN-GL8LBK3" failures="0" tests="3" name="Default test" time="2.927" errors="0" timestamp="2024-02-18T12:16:09 IST">
  <testcase classname="tests.PutPatchDeleteExamples" name="testDelete" time="1.836"/>
  <testcase classname="tests.PutPatchDeleteExamples" name="testPatch" time="0.535"/>
  <testcase classname="tests.PutPatchDeleteExamples" name="testPut" time="0.502"/>
</testsuite> <!-- Default test -->
