<?xml version="1.0" encoding="UTF-8"?>
<testng-results ignored="0" total="1" passed="1" failed="0" skipped="0">
  <reporter-output>
  </reporter-output>
  <suite started-at="2024-02-17T16:55:50 IST" name="Surefire suite" finished-at="2024-02-17T16:55:52 IST" duration-ms="1763">
    <groups>
    </groups>
    <test started-at="2024-02-17T16:55:50 IST" name="Surefire test" finished-at="2024-02-17T16:55:52 IST" duration-ms="1763">
      <class name="tests.TestExamples">
        <test-method signature="test_1()[pri:0, instance:tests.TestExamples@2b4bac49]" started-at="2024-02-17T16:55:50 IST" name="test_1" finished-at="2024-02-17T16:55:52 IST" duration-ms="1731" status="PASS">
          <reporter-output>
          </reporter-output>
        </test-method> <!-- test_1 -->
      </class> <!-- tests.TestExamples -->
    </test> <!-- Surefire test -->
  </suite> <!-- Surefire suite -->
</testng-results>
