<?xml version="1.0" encoding="UTF-8"?>
<testng-results ignored="0" total="3" passed="3" failed="0" skipped="0">
  <reporter-output>
  </reporter-output>
  <suite started-at="2024-02-18T12:16:06 IST" name="Default suite" finished-at="2024-02-18T12:16:09 IST" duration-ms="2927">
    <groups>
    </groups>
    <test started-at="2024-02-18T12:16:06 IST" name="Default test" finished-at="2024-02-18T12:16:09 IST" duration-ms="2927">
      <class name="tests.PutPatchDeleteExamples">
        <test-method signature="testDelete()[pri:0, instance:tests.PutPatchDeleteExamples@c88a337]" started-at="2024-02-18T12:16:06 IST" name="testDelete" finished-at="2024-02-18T12:16:08 IST" duration-ms="1836" status="PASS">
          <reporter-output>
          </reporter-output>
        </test-method> <!-- testDelete -->
        <test-method signature="testPatch()[pri:0, instance:tests.PutPatchDeleteExamples@c88a337]" started-at="2024-02-18T12:16:08 IST" name="testPatch" finished-at="2024-02-18T12:16:08 IST" duration-ms="535" status="PASS">
          <reporter-output>
          </reporter-output>
        </test-method> <!-- testPatch -->
        <test-method signature="testPut()[pri:0, instance:tests.PutPatchDeleteExamples@c88a337]" started-at="2024-02-18T12:16:08 IST" name="testPut" finished-at="2024-02-18T12:16:09 IST" duration-ms="502" status="PASS">
          <reporter-output>
          </reporter-output>
        </test-method> <!-- testPut -->
      </class> <!-- tests.PutPatchDeleteExamples -->
    </test> <!-- Default test -->
  </suite> <!-- Default suite -->
</testng-results>
